SH SERIES C/C++ Compiler (Ver. 6.0C)                                                                 22-Jul-2013 08:38:40  PAGE    1

************ OBJECT LISTING ************

FILE NAME: E:\Anderain\fx-9860\fxTTK\file.cpp

SCT OFFSET   CODE       C LABEL     INSTRUCTION OPERAND    COMMENT

        file.cpp     1    extern "C"
        file.cpp     2    {
        file.cpp     3    #include <fxlib.h>
        file.cpp     4    }
        file.cpp     5    #include <string.h>
        file.cpp     6    #include "file.h"
        file.cpp     7    
        file.cpp     8    fontc * char_to_font(const char * cfname,fontc * ffname)
P   00000000              _char_to_font:                   ; function: char_to_font
                                                           ; frame size=12
    00000000 2FE6                   MOV.L       R14,@-R15
    00000002 2FD6                   MOV.L       R13,@-R15
    00000004 4F22                   STS.L       PR,@-R15
    00000006 6D43                   MOV         R4,R13
        file.cpp     9    {
        file.cpp    10            int i,len = strlen(cfname);
    00000008 D31B                   MOV.L       L260,R3    ; _strlen
    0000000A 430B                   JSR         @R3
    0000000C 6E53                   MOV         R5,R14
    0000000E 6503                   MOV         R0,R5
        file.cpp    11            for(i=0; i<len ;++i)
    00000010 E600                   MOV         #0,R6
    00000012 4515                   CMP/PL      R5
    00000014 8F09                   BF/S        L253
    00000016 6463                   MOV         R6,R4
    00000018              L254:                             
        file.cpp    12                    ffname[i] = cfname[i];
    00000018 6343                   MOV         R4,R3
    0000001A 4300                   SHLL        R3
    0000001C 33EC                   ADD         R14,R3
    0000001E 6043                   MOV         R4,R0
    00000020 02DC                   MOV.B       @(R0,R13),R2
    00000022 7401                   ADD         #1,R4
    00000024 2321                   MOV.W       R2,@R3
    00000026 3453                   CMP/GE      R5,R4
    00000028 8BF6                   BF          L254
    0000002A              L253:                             
        file.cpp    13            ffname[i]=0;
    0000002A 6043                   MOV         R4,R0
    0000002C 4000                   SHLL        R0
    0000002E 0E65                   MOV.W       R6,@(R0,R14)
        file.cpp    14            return ffname;
        file.cpp    15    }
    00000030 4F26                   LDS.L       @R15+,PR
    00000032 60E3                   MOV         R14,R0
    00000034 6DF6                   MOV.L       @R15+,R13
    00000036 000B                   RTS
    00000038 6EF6                   MOV.L       @R15+,R14
        file.cpp    16    
        file.cpp    17    char * font_to_char(const fontc *ffname,char *cfname)
    0000003A              _font_to_char:                   ; function: font_to_char
                                                           ; frame size=0
        file.cpp    18    {
        file.cpp    19            int i = 0;




SH SERIES C/C++ Compiler (Ver. 6.0C)                                                                 22-Jul-2013 08:38:40  PAGE    2


SCT OFFSET   CODE       C LABEL     INSTRUCTION OPERAND    COMMENT

        file.cpp    20            while((cfname[i]=ffname[i])!=0)++i;
    0000003A A001                   BRA         L256
    0000003C E000                   MOV         #0,R0
    0000003E              L257:                             
    0000003E 7001                   ADD         #1,R0
    00000040              L256:                             
    00000040 6203                   MOV         R0,R2
    00000042 325C                   ADD         R5,R2
    00000044 6303                   MOV         R0,R3
    00000046 4300                   SHLL        R3
    00000048 334C                   ADD         R4,R3
    0000004A E101                   MOV         #1,R1
    0000004C 313C                   ADD         R3,R1
    0000004E 6310                   MOV.B       @R1,R3
    00000050 2230                   MOV.B       R3,@R2
    00000052 2338                   TST         R3,R3
    00000054 8BF3                   BF          L257
        file.cpp    21            return cfname;
        file.cpp    22    }
    00000056 000B                   RTS
    00000058 6053                   MOV         R5,R0
        file.cpp    23    
        file.cpp    24    int     open_file (const char * cfname,int mode)
    0000005A              _open_file:                      ; function: open_file
                                                           ; frame size=76
    0000005A 4F22                   STS.L       PR,@-R15
    0000005C 7FB8                   ADD         #-72,R15
    0000005E 2F52                   MOV.L       R5,@R15
        file.cpp    25    {
        file.cpp    26            fontc ffname[32];
        file.cpp    27    
        file.cpp    28            char_to_font(cfname,ffname);
    00000060 65F3                   MOV         R15,R5
    00000062 7508                   ADD         #8,R5
    00000064 BFCC                   BSR         _char_to_font
    00000066 1F51                   MOV.L       R5,@(4,R15)
        file.cpp    29    
        file.cpp    30            return Bfile_OpenFile(ffname,mode);
    00000068 65F2                   MOV.L       @R15,R5
    0000006A D304                   MOV.L       L260+4,R3  ; _Bfile_OpenFile
    0000006C 430B                   JSR         @R3
    0000006E 54F1                   MOV.L       @(4,R15),R4
        file.cpp    31    }
    00000070 7F48                   ADD         #72,R15
    00000072 4F26                   LDS.L       @R15+,PR
    00000074 000B                   RTS
    00000076 0009                   NOP
    00000078              L260:                             
    00000078 <00000000>             .DATA.L     _strlen
    0000007C <00000000>             .DATA.L     _Bfile_OpenFile











SH SERIES C/C++ Compiler (Ver. 6.0C)                                                                 22-Jul-2013 08:38:40  PAGE    1


******** STATISTICS INFORMATION ********


********** ERROR INFORMATION ***********

NUMBER OF ERRORS:           0
NUMBER OF WARNINGS:         0




******* SOURCE LINE INFORMATION ********

COMPILED SOURCE LINE:       31



******* SECTION SIZE INFORMATION *******

PROGRAM  SECTION (P):                               00000080 Byte(s)
CONSTANT SECTION (C):                               00000000 Byte(s)
DATA     SECTION (D):                               00000000 Byte(s)
BSS      SECTION (B):                               00000000 Byte(s)

 TOTAL PROGRAM SIZE: 00000080 Byte(s)



********** LABEL INFORMATION ***********

NUMBER OF EXTERNAL REFERENCE SYMBOLS:            2
NUMBER OF EXTERNAL DEFINITION SYMBOLS:           3
NUMBER OF INTERNAL/EXTERNAL SYMBOLS:            10






























*** COMMAND PARAMETER ***


  -subcommand=C:\Users\ADMINI~1\AppData\Local\Temp\hmkCA61.tmp 

