SH SERIES C/C++ Compiler (Ver. 6.0C)                                                                 22-Jul-2013 08:38:40  PAGE    1

************ OBJECT LISTING ************

FILE NAME: E:\Anderain\fx-9860\fxTTK\fxTKK.cpp

SCT OFFSET   CODE       C LABEL     INSTRUCTION OPERAND    COMMENT

       fxTKK.cpp     1    extern "C"
       fxTKK.cpp     2    {
       fxTKK.cpp     3    #include <fxlib.h>
       fxTKK.cpp     4    }
       fxTKK.cpp     5    #include <stdio.h>
       fxTKK.cpp     6    #include "dcconsole.h"
       fxTKK.cpp     7    
       fxTKK.cpp     8    extern int start_game();
       fxTKK.cpp     9    
       fxTKK.cpp    10    extern "C"
       fxTKK.cpp    11    {
       fxTKK.cpp    12    int AddIn_main(int isAppli, unsigned short OptionNum)
P   00000000              _AddIn_main:                     ; function: AddIn_main
                                                           ; frame size=4
    00000000 4F22                   STS.L       PR,@-R15
       fxTKK.cpp    13    {
       fxTKK.cpp    14            Bdisp_AllClr_DDVRAM();
    00000002 D30D                   MOV.L       L254,R3    ; _Bdisp_AllClr_DDVRAM
    00000004 430B                   JSR         @R3
    00000006 0009                   NOP
       fxTKK.cpp    15    
       fxTKK.cpp    16            if(ChsOpenHZK())
    00000008 D20C                   MOV.L       L254+4,R2  ; _ChsOpenHZK__Fv
    0000000A 420B                   JSR         @R2
    0000000C 0009                   NOP
    0000000E 2008                   TST         R0,R0
    00000010 890B                   BT          L251
       fxTKK.cpp    17            {
       fxTKK.cpp    18                    PrintMini(0,0,"can not open HZK file",MINI_OVER);
    00000012 E710                   MOV         #16,R7
    00000014 D60A                   MOV.L       L254+8,R6  ; L246
    00000016 E500                   MOV         #0,R5
    00000018 D20A                   MOV.L       L254+12,R2 ; _PrintMini
    0000001A 420B                   JSR         @R2
    0000001C 6453                   MOV         R5,R4
       fxTKK.cpp    19                    WaitKey();
    0000001E D30A                   MOV.L       L254+16,R3 ; _WaitKey__Fv
    00000020 430B                   JSR         @R3
    00000022 0009                   NOP
       fxTKK.cpp    20                    return 0;
    00000024 4F26                   LDS.L       @R15+,PR
    00000026 000B                   RTS
    00000028 E000                   MOV         #0,R0
    0000002A              L251:                             
       fxTKK.cpp    21            }
       fxTKK.cpp    22    
       fxTKK.cpp    23            start_game();
    0000002A D208                   MOV.L       L254+20,R2 ; _start_game__Fv
    0000002C 420B                   JSR         @R2
    0000002E 0009                   NOP
       fxTKK.cpp    24    
       fxTKK.cpp    25        return 1;
    00000030 E001                   MOV         #1,R0
       fxTKK.cpp    26    }




SH SERIES C/C++ Compiler (Ver. 6.0C)                                                                 22-Jul-2013 08:38:40  PAGE    2


SCT OFFSET   CODE       C LABEL     INSTRUCTION OPERAND    COMMENT

    00000032              L252:                             
    00000032 4F26                   LDS.L       @R15+,PR
    00000034 000B                   RTS
    00000036 0009                   NOP
    00000038              L254:                             
    00000038 <00000000>             .DATA.L     _Bdisp_AllClr_DDVRAM
    0000003C <00000000>             .DATA.L     _ChsOpenHZK__Fv
    00000040 <00000000>             .DATA.L     L246
    00000044 <00000000>             .DATA.L     _PrintMini
    00000048 <00000000>             .DATA.L     _WaitKey__Fv
    0000004C <00000000>             .DATA.L     _start_game__Fv
       fxTKK.cpp    27    
       fxTKK.cpp    28    #pragma section _BR_Size
       fxTKK.cpp    29    unsigned long BR_Size;
       fxTKK.cpp    30    #pragma section
       fxTKK.cpp    31    
       fxTKK.cpp    32    #pragma section _TOP
       fxTKK.cpp    33    int InitializeSystem(int isAppli, unsigned short OptionNum)
P_T 00000000              _InitializeSystem:               ; function: InitializeSystem
                                                           ; frame size=0
       fxTKK.cpp    34    {
       fxTKK.cpp    35        return INIT_ADDIN_APPLICATION(isAppli, OptionNum);
    00000000 D301                   MOV.L       L255+2,R3  ; _INIT_ADDIN_APPLICATION
    00000002 432B                   JMP         @R3
    00000004 0009                   NOP
    00000006              L255:                             
    00000006 0000                   .DATA.W     0
    00000008 <00000000>             .DATA.L     _INIT_ADDIN_APPLICATION
       fxTKK.cpp    36    }
       fxTKK.cpp    37    
       fxTKK.cpp    38    #pragma section
       fxTKK.cpp    39    }
C   00000000              L246:
    00000000 63616E206E             .SDATA      "can not open HZK file"
             6F74206F70   
             656E20485A   
             4B2066696C   
             65           
    00000015 00                     .DATA.B     H'00
B_B 00000000              _BR_Size:                        ; static: BR_Size
    00000000 00000004               .RES.L      1




















SH SERIES C/C++ Compiler (Ver. 6.0C)                                                                 22-Jul-2013 08:38:40  PAGE    1


******** STATISTICS INFORMATION ********


********** ERROR INFORMATION ***********

NUMBER OF ERRORS:           0
NUMBER OF WARNINGS:         0




******* SOURCE LINE INFORMATION ********

COMPILED SOURCE LINE:       39



******* SECTION SIZE INFORMATION *******

PROGRAM  SECTION (P):                               00000050 Byte(s)
PROGRAM  SECTION (P_BR_Size):                       00000000 Byte(s)
PROGRAM  SECTION (P_TOP):                           0000000C Byte(s)
CONSTANT SECTION (C):                               00000016 Byte(s)
CONSTANT SECTION (C_BR_Size):                       00000000 Byte(s)
CONSTANT SECTION (C_TOP):                           00000000 Byte(s)
DATA     SECTION (D):                               00000000 Byte(s)
DATA     SECTION (D_BR_Size):                       00000000 Byte(s)
DATA     SECTION (D_TOP):                           00000000 Byte(s)
BSS      SECTION (B):                               00000000 Byte(s)
BSS      SECTION (B_BR_Size):                       00000004 Byte(s)
BSS      SECTION (B_TOP):                           00000000 Byte(s)

 TOTAL PROGRAM SIZE: 00000076 Byte(s)



********** LABEL INFORMATION ***********

NUMBER OF EXTERNAL REFERENCE SYMBOLS:            6
NUMBER OF EXTERNAL DEFINITION SYMBOLS:           3
NUMBER OF INTERNAL/EXTERNAL SYMBOLS:            14






















*** COMMAND PARAMETER ***


  -subcommand=C:\Users\ADMINI~1\AppData\Local\Temp\hmkCB6B.tmp 

